[www.londonbeautyqueen.com/index.html]
[backblue.gif]
[fade.gif]
[index.html]
[www.londonbeautyqueen.com/favicon.ico]
[fonts.googleapis.com/index.html]
[feeds.feedburner.com/londonbeautyqueen/wsSy]
[www.blogger.com/openid-server.html]
[www.blogger.com/feeds/7996937549318485197/posts/default]
[ajax.googleapis.com/ajax/libs/jquery/1.8.2/jquery.min.js]
[cdnjs.cloudflare.com/ajax/libs/jquery.cycle2/20140415/jquery.cycle2.min.js]
[1.bp.blogspot.com/-F2HXN2bB1rg/VUCeZj97wWI/AAAAAAAAARw/qbVqd47fcFw/s1600/bg.png]
[pipdigz.co.uk/js/g-plus.min.js]
[pipdigz.co.uk/js/jquery.menu.min.js]
[cdnjs.cloudflare.com/ajax/libs/fitvids/1.1.0/jquery.fitvids.min.js]
[www.pipdigz.co.uk/css/core.css]
[3.bp.blogspot.com/-X1iw4l-iEhM/WG4pT9tLiGI/AAAAAAAAiL0/u2dHCQHYtl062UmB0ToR9gUZF84wD83GQCK4B/s1600/LBQ golden blog header NEW.png]
[www.londonbeautyqueen.com/2010/04/say-what.html]
[www.londonbeautyqueen.com/2010/10/functiondsidvar-e-p-http.html]
[www.londonbeautyqueen.com/feeds/posts/default860c]
[s7.addthis.com/js/300/addthis_widget.js]
[www.londonbeautyqueen.com/2017/03/achieve-radiant-glow-with-comprehensive.html]
[3.bp.blogspot.com/-qSJ9ZNnlFoQ/WLabW8xRNhI/AAAAAAAAi0w/Lv_Ctgd-zOA3FIwG4_1Nk_qQD9RBqIXNgCEw/s1600/Skincare Is #BetterTogether Why You Need A Complete Regime For Luminous & Youthful Looking Skin 1.png]
[www.londonbeautyqueen.com/2017/02/ootd-spots-sparkles-and-leather-jacket.html]
[1.bp.blogspot.com/--B02R2qKcOw/WLRid7EutrI/AAAAAAAAiyo/26Jt7DvJ6e4G2gtxTlD8a3Uc_qxplPQWgCLcB/s72-c/OOTD Spots & Sparkles (And A Leather Jacket Goes With Everything)  10.png]
[www.londonbeautyqueen.com/2017/02/satisfy-your-sweet-tooth-with.html]
[4.bp.blogspot.com/-I7dl8ITcglI/WLQBofZtJ0I/AAAAAAAAiyI/hz5Y4qvtPAwuuXeUT4_EpX2r2AHw-XTJACEw/s72-c/Satisfy Your Sweet Tooth With Patisserie De Bain's NEW Rhubarb & Custard Scent 4.png]
[www.londonbeautyqueen.com/2017/02/my-engagement-story.html]
[3.bp.blogspot.com/-RsF8pso8DoY/WLBQj13_HjI/AAAAAAAAiww/v2ULaKwXg-cKVsPulsMXyMozKMEToaOYgCLcB/s72-c/My engagement story ring wedding planning 1 .png]
[www.londonbeautyqueen.com/2017/02/the-white-company-launch-capsule.html]
[1.bp.blogspot.com/-uTMnvjdXVHM/WK8b9N9g_8I/AAAAAAAAiv0/Nr0E2R0FXPsXuoYTpp_3EqrBXhoyVz67ACEw/s1600/The White Company Launch A Capsule Skincare Collection (But Is It Worth The Price Tag)  6.png]
[www.londonbeautyqueen.com/2017/02/how-to-ensure-healthy-kissable-lips-all.html]
[4.bp.blogspot.com/-SEYPgWyMfYc/WK2YtWKQ26I/AAAAAAAAiuo/VEMeDyzfc7Mcyx2FgB4LcITcurzewKW8QCLcB/s72-c/How To Ensure Healthy Kissable Lips All Year Long (While Preventing Those Cold Sores From Appearing!)  7.png]
[www.londonbeautyqueen.com/2017/02/why-own-brand-skincare-is-secret.html]
[2.bp.blogspot.com/-IwY9cGp1PB0/WK1wJxfF3rI/AAAAAAAAitc/ZB-F69SWBiEAOoPiYybekXlaeGh0LO6DgCLcB/s72-c/Why Own Brand Skincare Is The Secret Affordable, Yet Effective, Option For All Budgets 1.png]
[www.londonbeautyqueen.com/2017/02/where-did-all-opinions-go.html]
[3.bp.blogspot.com/-m-1LVTmbi0o/WKr_aF01QcI/AAAAAAAAisk/GLm5vFzlGNgNJGZkVZovCC1afrcv6nFGQCLcB/s72-c/Beauty Pie A Revolutionary New Concept For Makeup Lovers, But Does It Make Financial Sense 1.png]
[www.londonbeautyqueen.com/2017/02/new-in-this-week-all-beauty-bits-im.html]
[1.bp.blogspot.com/-mugD9V4W9wY/WKcMsXaauuI/AAAAAAAAiqY/Bzr_TS8LjlApdd8G1ADLFTcXsKpWxB9DQCEw/s1600/New In Thsi Week aveeno millerharris stila tropic garnier ordinary jo malone too faced 1.png]
[www.londonbeautyqueen.com/2017/02/tale-as-old-as-time-just-look-at-loreal.html]
[2.bp.blogspot.com/-H6WKYDItiSc/WKRvx6-X42I/AAAAAAAAio4/wNevObPC0SktFY4Qq-2UDhy6OdGJy28GwCLcB/s72-c/Tale As Old As Time Just Look At The L'Oreal Beauty & The Beast Makeup Collection!  1.png]
[www.londonbeautyqueen.com/2017/02/dont-worry-about-it-8-beauty-mistakes.html]
[2.bp.blogspot.com/-4DwFz0m922s/WKRE00c7feI/AAAAAAAAinM/97TfK1houJsvY7KtH70tMG8eohPUZGFOgCLcB/s72-c/Don't Worry About It 8 Beauty 'Mistakes' You Shouldn't Be Getting In A Flap Over 1.png]
[www.londonbeautyqueen.com/2017/02/ootd-metallic-stripes-velvet-googly-eyes.html]
[1.bp.blogspot.com/-swvMEbmFNNE/WKL4m0XQsdI/AAAAAAAAimQ/UWM9ZsbcXP4BO8_oLRDGcdf7vRL9EP2DACLcB/s72-c/OOTD.png]
[www.londonbeautyqueen.com/search0885.html]
[twitter.com/LBQblog.html]
[www.facebook.com/LondonBeautyQueen.html]
[www.bloglovin.com/blogs/london-beauty-queen-2158708.html]
[www.pinterest.com/lbqblog/index.html]
[www.blogger.com/rearrange.3955a0.delayed]
[www.youtube.com/londonbeautyqueen.html]
[accounts.google.com/ServiceLogind81d.html]
[resources.blogblog.com/img/icon18_wrench_allbkg.png]
[www.bloglovin.com/widget/js/loader.js]
[www.blogger.com/rearrange.3e4acf.delayed]
[feedburner.google.com/fb/a/mailverifyd052.html]
[www.blogger.com/rearrange.41be94.delayed]
[accounts.google.com/ServiceLogin648c.html]
[1.bp.blogspot.com/-EnwqLDmnkno/Vu7wifyDuYI/AAAAAAAAeiM/wOo2a3hzmksgAe2ieS9edmpo69ESEpMSg/s1600-r/1Makeup Revolution .png]
[www.blogger.com/rearrange.442c10.delayed]
[www.lbqconsultancy.com/index.html]
[4.bp.blogspot.com/-pG9manENPgw/WD8SfSm5LVI/AAAAAAAAh8Q/KeAbi_GffIsG-vLM7nWr7IFkPP4TWXVggCK4B/s1600/Winners Badge 2016.png]
[accounts.google.com/ServiceLogin1239.html]
[www.blogger.com/rearrange.47710d.delayed]
[accounts.google.com/ServiceLogin56cc.html]
[www.thisisshowroom.com/showroomae09.js]
[www.blogger.com/rearrange.4a4991.delayed]
[accounts.google.com/ServiceLogin6cab.html]
[2.bp.blogspot.com/-SvORbOJk4vo/VrSiQDbDhzI/AAAAAAAAeE0/i3FCbtx-tBE/s1600-r/NEW THIRTY PLUS BLOG BUTTON.png]
[accounts.google.com/ServiceLogin38dd.html]
[www.blogger.com/rearrange.4d027e.delayed]
[accounts.google.com/ServiceLogin80ae.html]
[www.londonbeautyqueen.com/2012/01/so-kiss-me.html]
[3.bp.blogspot.com/-IUGj8TTeEks/TyHJfpOJpOI/AAAAAAAAEAw/k-IakLbPObU/s72-c/SO kiss me 50ml edt.jpg]
[www.londonbeautyqueen.com/2017/02/do-you-struggle-getting-your-eyeliner.html]
[3.bp.blogspot.com/-HZAvvvgVTf0/WJOB0OnkmzI/AAAAAAAAigg/yhZ-ToJxeG85HES3GMJquwQ_bzPgN8zcgCEw/s72-c/Beauty Blender Liner Designer 6.png]
[www.londonbeautyqueen.com/2016/05/the-body-shop-instaglow-cc-creams.html]
[1.bp.blogspot.com/-fmB_xhsm_lE/V0WMq_SfkvI/AAAAAAAAfTs/uOJZVLhYM8oxpMDoIKPtpjdI3ikA8oQfACLcB/s72-c/The Body Shop Instaglow CC Creams 1.png]
[1.bp.blogspot.com/-mugD9V4W9wY/WKcMsXaauuI/AAAAAAAAiqY/Bzr_TS8LjlApdd8G1ADLFTcXsKpWxB9DQCEw/s72-c/New In Thsi Week aveeno millerharris stila tropic garnier ordinary jo malone too faced 1.png]
[www.londonbeautyqueen.com/2017/02/is-dupe-copycat-beauty-market-waning.html]
[3.bp.blogspot.com/-Yc1ntGb8TEs/WJniMNVmygI/AAAAAAAAiiI/ZTV7Mxl_IvwWJdRPJ5QdzOWIV66mBDprgCLcB/s72-c/Is The Dupe & Copycat Beauty Market Waning Are We Over Cheaper Copies Of Firm Favourites 3.png]
[www.londonbeautyqueen.com/2017/02/why-im-proud-to-be-30-blogger.html]
[2.bp.blogspot.com/-1vZdf9ZHT48/WJhByvD7vII/AAAAAAAAihQ/GTZSnja29Xc6DJYTIC8luMfE45UFv9LdACLcB/s72-c/Why I'm Proud To Be A 30+ Blogger .png]
[www.londonbeautyqueen.com/2017/01/its-lying-shame-fake-followers-are-on.html]
[3.bp.blogspot.com/-WCzJNm2rb3U/WItydg8J4oI/AAAAAAAAibg/5VJZij988mEzVYWpMjT2SGFIktwQazJCgCLcB/s72-c/It's A Lying Shame. Fake Followers Are On The Increase (And 20 Of PRs Don't Care)  1.png]
[www.blogger.com/rearrange.5cc599.delayed]
[www.blogger.com/rearrange.5ef952.delayed]
[accounts.google.com/ServiceLogin4700.html]
[apis.google.com/js/plusone.js]
[accounts.google.com/ServiceLogin5eb8.html]
[pagead2.googlesyndication.com/pagead/js/f.txt]
[www.blogger.com/rearrange.6283d4.delayed]
[www.googleadservices.com/pagead/f.txt]
[www.blogger.com/rearrange.651ca9.delayed]
[accounts.google.com/ServiceLoginafce.html]
[www.londonbeautyqueen.com/search1495.html]
[www.londonbeautyqueen.com/2017_03_01_archive.html]
[www.londonbeautyqueen.com/2017_02_01_archive.html]
[accounts.google.com/ServiceLoginea02.html]
[www.londonbeautyqueen.com/2017_01_01_archive.html]
[www.londonbeautyqueen.com/searchd7fe.html]
[www.londonbeautyqueen.com/2016_12_01_archive.html]
[www.londonbeautyqueen.com/2016_11_01_archive.html]
[www.londonbeautyqueen.com/2016_10_01_archive.html]
[www.londonbeautyqueen.com/2016_09_01_archive.html]
[www.londonbeautyqueen.com/2016_08_01_archive.html]
[www.londonbeautyqueen.com/2016_07_01_archive.html]
[www.londonbeautyqueen.com/2016_06_01_archive.html]
[www.londonbeautyqueen.com/2016_05_01_archive.html]
[www.londonbeautyqueen.com/2016_04_01_archive.html]
[www.londonbeautyqueen.com/2016_03_01_archive.html]
[www.londonbeautyqueen.com/2016_02_01_archive.html]
[www.londonbeautyqueen.com/2016_01_01_archive.html]
[www.londonbeautyqueen.com/searche2af.html]
[www.londonbeautyqueen.com/2015_12_01_archive.html]
[www.londonbeautyqueen.com/2015_11_01_archive.html]
[www.londonbeautyqueen.com/2015_10_01_archive.html]
[www.londonbeautyqueen.com/2015_09_01_archive.html]
[www.londonbeautyqueen.com/2015_08_01_archive.html]
[www.londonbeautyqueen.com/2015_07_01_archive.html]
[www.londonbeautyqueen.com/2015_06_01_archive.html]
[www.londonbeautyqueen.com/2015_05_01_archive.html]
[www.londonbeautyqueen.com/2015_04_01_archive.html]
[www.londonbeautyqueen.com/2015_03_01_archive.html]
[www.londonbeautyqueen.com/2015_02_01_archive.html]
[www.londonbeautyqueen.com/2015_01_01_archive.html]
[www.londonbeautyqueen.com/search25b0.html]
[www.londonbeautyqueen.com/2014_12_01_archive.html]
[www.londonbeautyqueen.com/2014_11_01_archive.html]
[www.londonbeautyqueen.com/2014_10_01_archive.html]
[www.londonbeautyqueen.com/2014_09_01_archive.html]
[www.londonbeautyqueen.com/2014_08_01_archive.html]
[www.londonbeautyqueen.com/2014_07_01_archive.html]
[www.londonbeautyqueen.com/2014_06_01_archive.html]
[www.londonbeautyqueen.com/2014_05_01_archive.html]
[www.londonbeautyqueen.com/2014_04_01_archive.html]
[www.londonbeautyqueen.com/2014_03_01_archive.html]
[www.londonbeautyqueen.com/2014_02_01_archive.html]
[www.londonbeautyqueen.com/2014_01_01_archive.html]
[www.londonbeautyqueen.com/search2adc.html]
[www.londonbeautyqueen.com/2013_12_01_archive.html]
[www.londonbeautyqueen.com/2013_11_01_archive.html]
[www.londonbeautyqueen.com/2013_10_01_archive.html]
[www.londonbeautyqueen.com/2013_09_01_archive.html]
[www.londonbeautyqueen.com/2013_08_01_archive.html]
[www.blogger.com/index.html]
[www.londonbeautyqueen.com/2013_07_01_archive.html]
[www.londonbeautyqueen.com/2013_06_01_archive.html]
[www.londonbeautyqueen.com/2013_05_01_archive.html]
[www.londonbeautyqueen.com/2013_04_01_archive.html]
[www.londonbeautyqueen.com/2013_03_01_archive.html]
[www.londonbeautyqueen.com/2013_02_01_archive.html]
[www.londonbeautyqueen.com/2013_01_01_archive.html]
[www.londonbeautyqueen.com/search5d82.html]
[www.londonbeautyqueen.com/2012_12_01_archive.html]
[www.londonbeautyqueen.com/2012_11_01_archive.html]
[www.londonbeautyqueen.com/2012_10_01_archive.html]
[www.londonbeautyqueen.com/2012_09_01_archive.html]
[www.londonbeautyqueen.com/2012_08_01_archive.html]
[www.londonbeautyqueen.com/2012_07_01_archive.html]
[www.londonbeautyqueen.com/2012_06_01_archive.html]
[www.londonbeautyqueen.com/2012_05_01_archive.html]
[www.londonbeautyqueen.com/2012_04_01_archive.html]
[www.londonbeautyqueen.com/2012_03_01_archive.html]
[www.londonbeautyqueen.com/2012_02_01_archive.html]
[www.londonbeautyqueen.com/2012_01_01_archive.html]
[www.londonbeautyqueen.com/search3507.html]
[www.londonbeautyqueen.com/2011_12_01_archive.html]
[www.londonbeautyqueen.com/2011_11_01_archive.html]
[www.londonbeautyqueen.com/2011_10_01_archive.html]
[www.londonbeautyqueen.com/2011_09_01_archive.html]
[www.londonbeautyqueen.com/2011_08_01_archive.html]
[www.londonbeautyqueen.com/2011_07_01_archive.html]
[www.londonbeautyqueen.com/2011_06_01_archive.html]
[www.londonbeautyqueen.com/2011_05_01_archive.html]
[www.londonbeautyqueen.com/2011_04_01_archive.html]
[www.londonbeautyqueen.com/2011_03_01_archive.html]
[www.londonbeautyqueen.com/2011_02_01_archive.html]
[www.londonbeautyqueen.com/2011_01_01_archive.html]
[www.londonbeautyqueen.com/search48d4.html]
[www.londonbeautyqueen.com/2010_12_01_archive.html]
[www.londonbeautyqueen.com/2010_11_01_archive.html]
[www.londonbeautyqueen.com/2010_10_01_archive.html]
[www.londonbeautyqueen.com/2010_09_01_archive.html]
[www.londonbeautyqueen.com/2010_08_01_archive.html]
[www.londonbeautyqueen.com/2010_07_01_archive.html]
[www.londonbeautyqueen.com/2010_06_01_archive.html]
[www.londonbeautyqueen.com/2010_05_01_archive.html]
[www.londonbeautyqueen.com/2010_04_01_archive.html]
[www.londonbeautyqueen.com/2010_03_01_archive.html]
[www.londonbeautyqueen.com/2010_01_01_archive.html]
[www.blogger.com/rearrange.c58dbf.delayed]
[www.blogger.com/rearrange.c80268.delayed]
[ajax.googleapis.com/ajax/libs/jquery/1.8.3/jquery.min.js]
[accounts.google.com/ServiceLoginab63.html]
[www.blogger.com/static/v1/widgets/2676103907-widgets.js]
[accounts.google.com/ServiceLogin90a2.html]
[www.londonbeautyqueen.com/index.html]
[ogp.me/ns/index.html]
[ajax.googleapis.com/index.html]
[www.pipdig.co/index.html]
[fonts.googleapis.com/index.html]
[cdnjs.cloudflare.com/index.html]
[www.blogger.com/openid-server.html]
[fonts.googleapis.com/cssb729.css]
[fonts.googleapis.com/css7567.css]
[www.blogger.com/static/v1/widgets/1691512649-css_bundle_v2.css]
[www.blogger.com/dyn-css/authorization8f71.css]
[www.pipdigz.co.uk/css/core.css]
[www.londonbeautyqueen.com/2010/04/say-what.html]
[www.londonbeautyqueen.com/2010/10/functiondsidvar-e-p-http.html]
[api.instagram.com/v1.html]
[www.londonbeautyqueen.com/2017/03/achieve-radiant-glow-with-comprehensive.html]
[www.londonbeautyqueen.com/2017/02/ootd-spots-sparkles-and-leather-jacket.html]
[www.londonbeautyqueen.com/2017/02/satisfy-your-sweet-tooth-with.html]
[www.londonbeautyqueen.com/2017/02/my-engagement-story.html]
[www.londonbeautyqueen.com/2017/02/the-white-company-launch-capsule.html]
[www.londonbeautyqueen.com/2017/02/how-to-ensure-healthy-kissable-lips-all.html]
[www.londonbeautyqueen.com/2017/02/why-own-brand-skincare-is-secret.html]
[www.londonbeautyqueen.com/2017/02/where-did-all-opinions-go.html]
[www.londonbeautyqueen.com/2017/02/new-in-this-week-all-beauty-bits-im.html]
[www.londonbeautyqueen.com/2017/02/tale-as-old-as-time-just-look-at-loreal.html]
[www.londonbeautyqueen.com/2017/02/dont-worry-about-it-8-beauty-mistakes.html]
[www.londonbeautyqueen.com/2017/02/ootd-metallic-stripes-velvet-googly-eyes.html]
[www.londonbeautyqueen.com/search0885.html]
[twitter.com/LBQblog.html]
[instagram.com/lbqblog/index.html]
[www.facebook.com/LondonBeautyQueen.html]
[www.bloglovin.com/blogs/london-beauty-queen-2158708.html]
[www.pinterest.com/lbqblog/index.html]
[www.youtube.com/londonbeautyqueen.html]
[accounts.google.com/ServiceLogind81d.html]
[accounts.google.com/ServiceLogin648c.html]
[feedburner.google.com/fb/a/mailverifyd052.html]
[accounts.google.com/ServiceLogin1239.html]
[www.lbqconsultancy.com/index.html]
[accounts.google.com/ServiceLogin56cc.html]
[accounts.google.com/ServiceLogin6cab.html]
[accounts.google.com/ServiceLogin38dd.html]
[wearethirtyplus.com/index.html]
[accounts.google.com/ServiceLogin80ae.html]
[www.londonbeautyqueen.com/2012/01/so-kiss-me.html]
[www.londonbeautyqueen.com/2017/02/do-you-struggle-getting-your-eyeliner.html]
[www.londonbeautyqueen.com/2016/05/the-body-shop-instaglow-cc-creams.html]
[www.londonbeautyqueen.com/2017/02/is-dupe-copycat-beauty-market-waning.html]
[www.londonbeautyqueen.com/2017/02/why-im-proud-to-be-30-blogger.html]
[www.londonbeautyqueen.com/2017/01/its-lying-shame-fake-followers-are-on.html]
[accounts.google.com/ServiceLogin4700.html]
[www.blogger.com/index.html]
[accounts.google.com/ServiceLogin5eb8.html]
[accounts.google.com/ServiceLoginea02.html]
[googleads.g.doubleclick.net/pagead/viewthroughconversion/940248126/index17c7.html]
[accounts.google.com/ServiceLoginafce.html]
[www.londonbeautyqueen.com/search1495.html]
[www.londonbeautyqueen.com/2017_03_01_archive.html]
[www.londonbeautyqueen.com/2017_02_01_archive.html]
[www.londonbeautyqueen.com/2017_01_01_archive.html]
[www.londonbeautyqueen.com/searchd7fe.html]
[www.londonbeautyqueen.com/2016_12_01_archive.html]
[www.londonbeautyqueen.com/2016_11_01_archive.html]
[www.londonbeautyqueen.com/2016_10_01_archive.html]
[www.londonbeautyqueen.com/2016_09_01_archive.html]
[www.londonbeautyqueen.com/2016_08_01_archive.html]
[www.londonbeautyqueen.com/2016_07_01_archive.html]
[www.londonbeautyqueen.com/2016_06_01_archive.html]
[www.londonbeautyqueen.com/2016_05_01_archive.html]
[www.londonbeautyqueen.com/2016_04_01_archive.html]
[www.londonbeautyqueen.com/2016_03_01_archive.html]
[www.londonbeautyqueen.com/2016_02_01_archive.html]
[www.londonbeautyqueen.com/2016_01_01_archive.html]
[www.londonbeautyqueen.com/searche2af.html]
[www.londonbeautyqueen.com/2015_12_01_archive.html]
[www.londonbeautyqueen.com/2015_11_01_archive.html]
[www.londonbeautyqueen.com/2015_10_01_archive.html]
[www.londonbeautyqueen.com/2015_09_01_archive.html]
[www.londonbeautyqueen.com/2015_08_01_archive.html]
[www.londonbeautyqueen.com/2015_07_01_archive.html]
[www.londonbeautyqueen.com/2015_06_01_archive.html]
[www.londonbeautyqueen.com/2015_05_01_archive.html]
[www.londonbeautyqueen.com/2015_04_01_archive.html]
[www.londonbeautyqueen.com/2015_03_01_archive.html]
[www.londonbeautyqueen.com/2015_02_01_archive.html]
[www.londonbeautyqueen.com/2015_01_01_archive.html]
[www.londonbeautyqueen.com/search25b0.html]
[www.londonbeautyqueen.com/2014_12_01_archive.html]
[www.londonbeautyqueen.com/2014_11_01_archive.html]
[www.londonbeautyqueen.com/2014_10_01_archive.html]
[www.londonbeautyqueen.com/2014_09_01_archive.html]
[www.londonbeautyqueen.com/2014_08_01_archive.html]
[www.londonbeautyqueen.com/2014_07_01_archive.html]
[www.londonbeautyqueen.com/2014_06_01_archive.html]
[www.londonbeautyqueen.com/2014_05_01_archive.html]
[www.londonbeautyqueen.com/2014_04_01_archive.html]
[www.londonbeautyqueen.com/2014_03_01_archive.html]
[www.londonbeautyqueen.com/2014_02_01_archive.html]
[www.londonbeautyqueen.com/2014_01_01_archive.html]
[www.londonbeautyqueen.com/search2adc.html]
[www.londonbeautyqueen.com/2013_12_01_archive.html]
[www.londonbeautyqueen.com/2013_11_01_archive.html]
[www.londonbeautyqueen.com/2013_10_01_archive.html]
[www.londonbeautyqueen.com/2013_09_01_archive.html]
[www.londonbeautyqueen.com/2013_08_01_archive.html]
[www.londonbeautyqueen.com/2013_07_01_archive.html]
[www.londonbeautyqueen.com/2013_06_01_archive.html]
[www.londonbeautyqueen.com/2013_05_01_archive.html]
[www.londonbeautyqueen.com/2013_04_01_archive.html]
[www.londonbeautyqueen.com/2013_03_01_archive.html]
[www.londonbeautyqueen.com/2013_02_01_archive.html]
[www.londonbeautyqueen.com/2013_01_01_archive.html]
[www.londonbeautyqueen.com/search5d82.html]
[www.londonbeautyqueen.com/2012_12_01_archive.html]
[www.londonbeautyqueen.com/2012_11_01_archive.html]
[www.londonbeautyqueen.com/2012_10_01_archive.html]
[www.londonbeautyqueen.com/2012_09_01_archive.html]
[www.londonbeautyqueen.com/2012_08_01_archive.html]
[www.londonbeautyqueen.com/2012_07_01_archive.html]
[www.londonbeautyqueen.com/2012_06_01_archive.html]
[www.londonbeautyqueen.com/2012_05_01_archive.html]
[www.londonbeautyqueen.com/2012_04_01_archive.html]
[www.londonbeautyqueen.com/2012_03_01_archive.html]
[www.londonbeautyqueen.com/2012_02_01_archive.html]
[www.londonbeautyqueen.com/2012_01_01_archive.html]
[www.londonbeautyqueen.com/search3507.html]
[www.londonbeautyqueen.com/2011_12_01_archive.html]
[www.londonbeautyqueen.com/2011_11_01_archive.html]
[www.londonbeautyqueen.com/2011_10_01_archive.html]
[www.londonbeautyqueen.com/2011_09_01_archive.html]
[www.londonbeautyqueen.com/2011_08_01_archive.html]
[www.londonbeautyqueen.com/2011_07_01_archive.html]
[www.londonbeautyqueen.com/2011_06_01_archive.html]
[www.londonbeautyqueen.com/2011_05_01_archive.html]
[www.londonbeautyqueen.com/2011_04_01_archive.html]
[www.londonbeautyqueen.com/2011_03_01_archive.html]
[www.londonbeautyqueen.com/2011_02_01_archive.html]
[www.londonbeautyqueen.com/2011_01_01_archive.html]
[www.londonbeautyqueen.com/search48d4.html]
[www.londonbeautyqueen.com/2010_12_01_archive.html]
[www.londonbeautyqueen.com/2010_11_01_archive.html]
[www.londonbeautyqueen.com/2010_10_01_archive.html]
[www.londonbeautyqueen.com/2010_09_01_archive.html]
[www.londonbeautyqueen.com/2010_08_01_archive.html]
[www.londonbeautyqueen.com/2010_07_01_archive.html]
[www.londonbeautyqueen.com/2010_06_01_archive.html]
[www.londonbeautyqueen.com/2010_05_01_archive.html]
[www.londonbeautyqueen.com/2010_04_01_archive.html]
[www.londonbeautyqueen.com/2010_03_01_archive.html]
[www.londonbeautyqueen.com/2010_01_01_archive.html]
[accounts.google.com/ServiceLoginab63.html]
[accounts.google.com/ServiceLogin90a2.html]
[www.pipdig.co/index.html]
[www.londonbeautyqueen.com/js/cookiechoices.js]
[pipdigz.co.uk/index.html]
[pipdigz.co.uk/fonts/gaqweopfkgksdklfgjslfkhjdtyy/style.css]
[pipdigz.co.uk/icon_search_black.png]
[cdn001.milotree.com/container/005135milotree.js]
